<?xml version="1.0" encoding="UTF-8"?>
<!-- Generated by org.testng.reporters.JUnitXMLReporter -->
<testsuite ignored="0" hostname="Ajitas-MBP.attlocal.net" failures="1" tests="10" name="Command line test" time="176.083" errors="0" timestamp="2020-10-01T12:12:12 CDT">
  <testcase classname="com.crm.qa.testcases.EmailPageTest" name="EmailTest" time="5.338"/>
  <testcase classname="com.crm.qa.testcases.NewContactsPageTest" name="validatenewcontactpage" time="0.0">
    <skipped/>
  </testcase> <!-- validatenewcontactpage -->
  <testcase classname="com.crm.qa.testcases.ContactsPageTest" name="verifyContactsTest" time="5.141"/>
  <testcase classname="com.crm.qa.testcases.ContactsPageTest" name="verifyNewContact" time="0.25"/>
  <testcase classname="com.crm.qa.testcases.HomePageTest" name="verfityHomePageTitleTest" time="0.008">
    <failure type="java.lang.AssertionError" message="Cogmento CRM expected:&amp;lt;Cogmento CRM&amp;gt; but was:&amp;lt;homepage title did not match&amp;gt;">
      <![CDATA[java.lang.AssertionError: Cogmento CRM expected:<Cogmento CRM> but was:<homepage title did not match>
at com.crm.qa.testcases.HomePageTest.verfityHomePageTitleTest(HomePageTest.java:53)
at java.base/java.util.ArrayList.forEach(ArrayList.java:1510)
... Removed 38 stack frames]]>
    </failure>
  </testcase> <!-- verfityHomePageTitleTest -->
  <testcase classname="com.crm.qa.testcases.HomePageTest" name="verifyusernameTest" time="0.044"/>
  <testcase classname="com.crm.qa.testcases.HomePageTest" name="verifycontactsLink" time="5.17"/>
  <testcase classname="com.crm.qa.testcases.LoginPageTest" name="LoginPageTitleTest" time="5.086"/>
  <testcase classname="com.crm.qa.testcases.LoginPageTest" name="crmLogoImageTest" time="5.045"/>
  <testcase classname="com.crm.qa.testcases.LoginPageTest" name="clicklogInbtn" time="6.625"/>
</testsuite> <!-- Command line test -->
