-------------------------------------------------------------------------------
Test set: TestSuite
-------------------------------------------------------------------------------
Tests run: 10, Failures: 1, Errors: 0, Skipped: 1, Time elapsed: 176.642 sec <<< FAILURE!
verfityHomePageTitleTest(com.crm.qa.testcases.HomePageTest)  Time elapsed: 0.009 sec  <<< FAILURE!
java.lang.AssertionError: Cogmento CRM expected:<Cogmento CRM> but was:<homepage title did not match>
	at org.testng.AssertJUnit.assertEquals(AssertJUnit.java:115)
	at com.crm.qa.testcases.HomePageTest.verfityHomePageTitleTest(HomePageTest.java:53)

